# Server version 0.08 running on hannans-air:8123
# Game ID: 303
# Board class: omweso.CCBoard
# Timeout: 2000
# First Move Timeout: 60000
# Date: Mon Mar 30 19:05:40 EDT 2015
# Player 1: Player-0, 'XXXXXXXXX', running on hannans-air
# Player 2: Player-1, 'random', running on hannans-air
START Player-0 XXXXXXXXX
START Player-1 random
INIT 0 true 3,1,2,1,7,0,1,1,2,5,0,0,1,3,3,2
INIT 1 true 5,5,2,4,7,2,2,5,0,0,0,0,0,0,0,0
PIT 0 0
PIT 1 6
PIT 0 2
PIT 1 0
PIT 0 1
PIT 1 2
PIT 0 4
PIT 1 3
PIT 0 0
PIT 1 4
PIT 0 15
PIT 1 1
PIT 0 9
PIT 1 8
PIT 0 7
PIT 1 14
PIT 0 0
PIT 1 12
PIT 0 1
GAMEOVER WINNER 0
# Game ended: Mon Mar 30 19:05:40 EDT 2015
