# Server version 0.08 running on hannans-air:8123
# Game ID: 365
# Board class: omweso.CCBoard
# Timeout: 2000
# First Move Timeout: 60000
# Date: Mon Mar 30 19:38:11 EDT 2015
# Player 1: Player-0, 'random', running on hannans-air
# Player 2: Player-1, 'XXXXXXXXX', running on hannans-air
START Player-0 random
START Player-1 XXXXXXXXX
INIT 0 true 2,1,3,1,4,2,3,1,0,1,0,8,0,0,3,3
INIT 1 true 0,3,2,6,5,4,3,9,0,0,0,0,0,0,0,0
PIT 0 14
PIT 1 4
PIT 0 7
PIT 1 2
PIT 0 8
PIT 1 3
PIT 0 2
PIT 1 4
PIT 0 4
PIT 1 5
PIT 0 7
PIT 1 7
PIT 0 8
PIT 1 2
PIT 0 12
PIT 1 0
PIT 0 14
PIT 1 1
PIT 0 10
PIT 1 1
PIT 0 11
PIT 1 9
GAMEOVER WINNER 1
# Game ended: Mon Mar 30 19:38:12 EDT 2015
