# Server version 0.08 running on web112119.wireless.mcgill.ca:8123
# Game ID: 263
# Board class: omweso.CCBoard
# Timeout: 2000
# First Move Timeout: 60000
# Date: Mon Mar 30 13:21:14 EDT 2015
# Player 1: Player-0, 'XXXXXXXXX', running on web112119.wireless.mcgill.ca
# Player 2: Player-1, 'random', running on web112119.wireless.mcgill.ca
START Player-0 XXXXXXXXX
START Player-1 random
INIT 0 true 1,3,2,5,1,3,2,1,1,2,2,3,1,1,2,2
INIT 1 true 7,3,2,5,4,6,2,3,0,0,0,0,0,0,0,0
PIT 0 3
PIT 1 0
PIT 0 1
PIT 1 5
PIT 0 3
PIT 1 1
PIT 0 4
PIT 1 2
PIT 0 6
PIT 1 10
PIT 0 2
PIT 1 3
PIT 0 3
PIT 1 6
PIT 0 2
PIT 1 8
PIT 0 4
PIT 1 12
PIT 0 6
PIT 1 13
GAMEOVER WINNER 1
# Game ended: Mon Mar 30 13:21:14 EDT 2015
