# Server version 0.08 running on localhost:8123
# Game ID: 370
# Board class: omweso.CCBoard
# Timeout: 2000
# First Move Timeout: 60000
# Date: Mon Mar 30 20:07:20 EDT 2015
# Player 1: Player-0, 'random', running on localhost
# Player 2: Player-1, 'XXXXXXXXX', running on localhost
START Player-0 random
START Player-1 XXXXXXXXX
INIT 0 true 3,3,0,2,2,3,3,0,3,4,1,1,1,1,3,2
INIT 1 true 3,6,5,4,1,1,4,8,0,0,0,0,0,0,0,0
PIT 0 1
PIT 1 0
PIT 0 5
PIT 1 2
PIT 0 10
PIT 1 5
PIT 0 3
PIT 1 10
PIT 0 13
PIT 1 0
PIT 0 6
PIT 1 5
GAMEOVER WINNER 1
# Game ended: Mon Mar 30 20:07:20 EDT 2015
