# Server version 0.08 running on wpa076016.wireless.mcgill.ca:8123
# Game ID: 51
# Board class: omweso.CCBoard
# Timeout: 2000
# First Move Timeout: 60000
# Date: Mon Mar 30 03:08:05 EDT 2015
# Player 1: Player-0, 'XXXXXXXXX', running on wpa076016.wireless.mcgill.ca
# Player 2: Player-1, 'random', running on wpa076016.wireless.mcgill.ca
START Player-0 XXXXXXXXX
START Player-1 random
INIT 0 true 4,4,4,4,4,4,4,4,0,0,0,0,0,0,0,0
INIT 1 true 1,7,4,4,0,7,5,4,0,0,0,0,0,0,0,0
PIT 0 4
PIT 1 3
PIT 0 0
PIT 1 5
PIT 0 3
PIT 1 8
PIT 0 4
PIT 1 0
PIT 0 1
PIT 1 4
