# Server version 0.08 running on wpa076010.wireless.mcgill.ca:8123
# Game ID: 10
# Board class: omweso.CCBoard
# Timeout: 2000
# First Move Timeout: 60000
# Date: Fri Mar 27 04:48:57 EDT 2015
# Player 1: Player-0, 'XXXXXXXXX', running on wpa076010.wireless.mcgill.ca
# Player 2: Player-1, 'random', running on wpa076010.wireless.mcgill.ca
START Player-0 XXXXXXXXX
START Player-1 random
INIT 0 true 0,0,0,0,0,0,0,0,4,4,4,4,4,4,4,4
INIT 1 true 9,2,2,4,2,4,8,1,0,0,0,0,0,0,0,0
PIT 0 8
PIT 1 6
PIT 0 10
PIT 1 3
PIT 0 9
PIT 1 4
PIT 0 12
PIT 1 1
PIT 0 3
PIT 1 5
PIT 0 15
PIT 1 6
PIT 0 14
PIT 1 7
PIT 0 0
PIT 1 0
PIT 0 10
PIT 1 10
PIT 0 9
PIT 1 13
PIT 0 5
PIT 1 1
GAMEOVER WINNER 1
# Game ended: Fri Mar 27 04:48:57 EDT 2015
