# Server version 0.08 running on web112119.wireless.mcgill.ca:8123
# Game ID: 290
# Board class: omweso.CCBoard
# Timeout: 2000
# First Move Timeout: 60000
# Date: Mon Mar 30 14:05:46 EDT 2015
# Player 1: Player-0, 'XXXXXXXXX', running on web112119.wireless.mcgill.ca
# Player 2: Player-1, 'random', running on web112119.wireless.mcgill.ca
START Player-0 XXXXXXXXX
START Player-1 random
INIT 0 true 2,1,4,0,0,6,2,2,5,0,1,2,4,1,1,1
INIT 1 true 3,6,3,7,2,6,3,2,0,0,0,0,0,0,0,0
PIT 0 8
PIT 1 2
PIT 0 5
PIT 1 4
PIT 0 6
PIT 1 1
PIT 0 1
PIT 1 8
PIT 0 4
PIT 1 13
PIT 0 5
PIT 1 14
PIT 0 1
PIT 1 5
PIT 0 8
PIT 1 9
PIT 0 6
PIT 1 3
PIT 0 9
PIT 1 4
