# Server version 0.08 running on hannans-air:8123
# Game ID: 382
# Board class: omweso.CCBoard
# Timeout: 2000
# First Move Timeout: 60000
# Date: Mon Mar 30 20:47:55 EDT 2015
# Player 1: Player-0, 'XXXXXXXXX', running on hannans-air
# Player 2: Player-1, 'random', running on hannans-air
START Player-0 XXXXXXXXX
START Player-1 random
INIT 0 true 2,1,1,3,5,4,2,3,0,0,4,1,1,3,2,0
INIT 1 true 4,5,3,6,4,0,6,4,0,0,0,0,0,0,0,0
PIT 0 4
PIT 1 4
PIT 0 10
PIT 1 2
PIT 0 9
PIT 1 0
PIT 0 6
GAMEOVER WINNER 0
# Game ended: Mon Mar 30 20:47:58 EDT 2015
