# Server version 0.08 running on web112098.wireless.mcgill.ca:8123
# Game ID: 216
# Board class: omweso.CCBoard
# Timeout: 2000
# First Move Timeout: 60000
# Date: Mon Mar 30 10:11:22 EDT 2015
# Player 1: Player-0, 'XXXXXXXXX', running on web112098.wireless.mcgill.ca
# Player 2: Player-1, 'random', running on web112098.wireless.mcgill.ca
START Player-0 XXXXXXXXX
START Player-1 random
INIT 0 true 4,1,1,0,2,2,2,3,2,2,0,3,3,2,3,2
INIT 1 true 4,3,2,2,4,5,5,7,0,0,0,0,0,0,0,0
PIT 0 0
PIT 1 3
PIT 0 0
PIT 1 6
PIT 0 3
PIT 1 8
PIT 0 5
PIT 1 12
PIT 0 1
PIT 1 7
PIT 0 0
PIT 1 1
PIT 0 1
PIT 1 14
PIT 0 2
PIT 1 3
PIT 0 5
GAMEOVER WINNER 0
# Game ended: Mon Mar 30 10:11:22 EDT 2015
