# Server version 0.08 running on wpa076016.wireless.mcgill.ca:8123
# Game ID: 175
# Board class: omweso.CCBoard
# Timeout: 2000
# First Move Timeout: 60000
# Date: Mon Mar 30 06:30:16 EDT 2015
# Player 1: Player-0, 'XXXXXXXXX', running on wpa076016.wireless.mcgill.ca
# Player 2: Player-1, 'random', running on wpa076016.wireless.mcgill.ca
START Player-0 XXXXXXXXX
START Player-1 random
INIT 0 true 1,3,0,0,5,2,3,1,4,1,1,1,4,3,2,1
INIT 1 true 3,1,3,7,2,7,4,5,0,0,0,0,0,0,0,0
PIT 0 1
PIT 1 0
PIT 0 0
PIT 1 6
PIT 0 1
PIT 1 1
PIT 0 5
PIT 1 9
PIT 0 1
PIT 1 4
PIT 0 0
PIT 1 5
PIT 0 3
PIT 1 11
PIT 0 4
PIT 1 7
PIT 0 5
PIT 1 6
PIT 0 6
PIT 1 10
PIT 0 2
PIT 1 14
PIT 0 0
PIT 1 11
PIT 0 1
PIT 1 8
PIT 0 3
PIT 1 1
PIT 0 6
PIT 1 9
PIT 0 0
PIT 1 10
PIT 0 1
PIT 1 13
PIT 0 3
PIT 1 15
PIT 0 0
PIT 1 14
PIT 0 1
PIT 1 2
PIT 0 2
PIT 1 3
PIT 0 3
PIT 1 4
PIT 0 4
PIT 1 5
PIT 0 0
PIT 1 8
PIT 0 1
PIT 1 11
PIT 0 3
PIT 1 12
PIT 0 1
PIT 1 13
PIT 0 0
GAMEOVER WINNER 0
# Game ended: Mon Mar 30 06:30:16 EDT 2015
