# Server version 0.08 running on web112119.wireless.mcgill.ca:8123
# Game ID: 288
# Board class: omweso.CCBoard
# Timeout: 2000
# First Move Timeout: 60000
# Date: Mon Mar 30 13:30:54 EDT 2015
# Player 1: Player-0, 'XXXXXXXXX', running on web112119.wireless.mcgill.ca
# Player 2: Player-1, 'random', running on web112119.wireless.mcgill.ca
START Player-0 XXXXXXXXX
START Player-1 random
INIT 0 true 1,3,2,2,3,1,2,3,3,1,3,2,0,2,4,0
INIT 1 true 7,4,3,2,3,3,5,5,0,0,0,0,0,0,0,0
PIT 0 2
PIT 1 2
PIT 0 3
PIT 1 4
PIT 0 5
PIT 1 8
PIT 0 7
PIT 1 0
PIT 0 1
GAMEOVER WINNER 0
# Game ended: Mon Mar 30 13:30:54 EDT 2015
