# Server version 0.08 running on wpa076016.wireless.mcgill.ca:8123
# Game ID: 19
# Board class: omweso.CCBoard
# Timeout: 2000
# First Move Timeout: 60000
# Date: Sun Mar 29 17:41:16 EDT 2015
# Player 1: Player-0, 'random', running on wpa076016.wireless.mcgill.ca
# Player 2: Player-1, 'random', running on wpa076016.wireless.mcgill.ca
START Player-0 random
START Player-1 random
INIT 0 true 2,2,2,1,1,1,2,0,4,1,3,1,4,5,1,2
INIT 1 true 4,3,4,4,4,3,6,4,0,0,0,0,0,0,0,0
PIT 0 0
PIT 1 1
PIT 0 12
PIT 1 3
PIT 0 6
PIT 1 8
PIT 0 4
PIT 1 11
PIT 0 7
PIT 1 6
PIT 0 13
PIT 1 10
PIT 0 2
PIT 1 15
PIT 0 3
PIT 1 11
GAMEOVER WINNER 1
# Game ended: Sun Mar 29 17:41:16 EDT 2015
