# Server version 0.08 running on hannans-air:8123
# Game ID: 359
# Board class: omweso.CCBoard
# Timeout: 2000
# First Move Timeout: 60000
# Date: Mon Mar 30 19:36:20 EDT 2015
# Player 1: Player-0, 'XXXXXXXXX', running on hannans-air
# Player 2: Player-1, 'random', running on hannans-air
START Player-0 XXXXXXXXX
START Player-1 random
INIT 0 true 1,1,3,1,0,2,0,2,4,3,1,3,3,2,4,2
INIT 1 true 6,4,5,2,1,4,5,5,0,0,0,0,0,0,0,0
PIT 0 12
PIT 1 0
PIT 0 5
PIT 1 4
PIT 0 1
PIT 1 2
PIT 0 8
PIT 1 5
PIT 0 2
PIT 1 8
PIT 0 3
PIT 1 1
PIT 0 0
GAMEOVER WINNER 0
# Game ended: Mon Mar 30 19:36:20 EDT 2015
