# Server version 0.08 running on hannans-air:8123
# Game ID: 342
# Board class: omweso.CCBoard
# Timeout: 2000
# First Move Timeout: 60000
# Date: Mon Mar 30 19:25:29 EDT 2015
# Player 1: Player-0, 'XXXXXXXXX', running on hannans-air
# Player 2: Player-1, 'random', running on hannans-air
START Player-0 XXXXXXXXX
START Player-1 random
INIT 0 true 1,4,2,0,1,2,0,5,1,3,1,4,3,2,0,3
INIT 1 true 3,6,7,3,5,3,1,4,0,0,0,0,0,0,0,0
PIT 0 1
PIT 1 1
PIT 0 9
PIT 1 2
PIT 0 10
PIT 1 8
PIT 0 4
PIT 1 9
PIT 0 2
PIT 1 11
PIT 0 2
PIT 1 10
PIT 0 7
PIT 1 13
PIT 0 0
PIT 1 2
PIT 0 1
PIT 1 7
PIT 0 2
GAMEOVER WINNER 0
# Game ended: Mon Mar 30 19:25:29 EDT 2015
