# Server version 0.08 running on wpa076016.wireless.mcgill.ca:8123
# Game ID: 127
# Board class: omweso.CCBoard
# Timeout: 2000
# First Move Timeout: 60000
# Date: Mon Mar 30 05:42:13 EDT 2015
# Player 1: Player-0, 'XXXXXXXXX', running on wpa076016.wireless.mcgill.ca
# Player 2: Player-1, 'random', running on wpa076016.wireless.mcgill.ca
START Player-0 XXXXXXXXX
START Player-1 random
INIT 0 true 2,4,2,2,0,2,1,2,2,4,2,1,2,3,1,2
INIT 1 true 6,4,6,4,6,3,3,0,0,0,0,0,0,0,0,0
PIT 0 0
PIT 1 3
PIT 0 3
PIT 1 4
PIT 0 4
PIT 1 5
PIT 0 5
PIT 1 11
PIT 0 1
PIT 1 8
PIT 0 2
PIT 1 2
PIT 0 3
PIT 1 0
PIT 0 6
PIT 1 8
PIT 0 1
PIT 1 2
PIT 0 2
PIT 1 4
PIT 0 3
PIT 1 8
PIT 0 4
PIT 1 11
PIT 0 13
PIT 1 7
GAMEOVER WINNER 1
# Game ended: Mon Mar 30 05:42:13 EDT 2015
