# Server version 0.08 running on wpa076016.wireless.mcgill.ca:8123
# Game ID: 110
# Board class: omweso.CCBoard
# Timeout: 2000
# First Move Timeout: 60000
# Date: Mon Mar 30 05:39:52 EDT 2015
# Player 1: Player-0, 'XXXXXXXXX', running on wpa076016.wireless.mcgill.ca
# Player 2: Player-1, 'random', running on wpa076016.wireless.mcgill.ca
START Player-0 XXXXXXXXX
START Player-1 random
INIT 0 true 2,3,1,4,3,2,2,1,2,1,1,2,1,3,3,1
INIT 1 true 4,6,2,2,7,2,2,7,0,0,0,0,0,0,0,0
PIT 0 0
PIT 1 4
PIT 0 1
PIT 1 1
PIT 0 2
PIT 1 6
PIT 0 5
PIT 1 10
PIT 0 11
PIT 1 12
PIT 0 14
PIT 1 7
GAMEOVER WINNER 1
# Game ended: Mon Mar 30 05:39:52 EDT 2015
