# Server version 0.08 running on wpa076016.wireless.mcgill.ca:8123
# Game ID: 132
# Board class: omweso.CCBoard
# Timeout: 2000
# First Move Timeout: 60000
# Date: Mon Mar 30 05:42:55 EDT 2015
# Player 1: Player-0, 'XXXXXXXXX', running on wpa076016.wireless.mcgill.ca
# Player 2: Player-1, 'random', running on wpa076016.wireless.mcgill.ca
START Player-0 XXXXXXXXX
START Player-1 random
INIT 0 true 1,1,6,0,2,2,4,4,0,2,0,2,3,0,1,4
INIT 1 true 2,4,1,4,3,5,8,5,0,0,0,0,0,0,0,0
PIT 0 2
PIT 1 4
PIT 0 4
PIT 1 0
PIT 0 5
PIT 1 3
PIT 0 1
PIT 1 9
PIT 0 2
PIT 1 12
PIT 0 11
PIT 1 4
PIT 0 12
PIT 1 3
GAMEOVER WINNER 1
# Game ended: Mon Mar 30 05:42:55 EDT 2015
