# Server version 0.08 running on wpa076016.wireless.mcgill.ca:8123
# Game ID: 186
# Board class: omweso.CCBoard
# Timeout: 2000
# First Move Timeout: 60000
# Date: Mon Mar 30 06:31:26 EDT 2015
# Player 1: Player-0, 'random', running on wpa076016.wireless.mcgill.ca
# Player 2: Player-1, 'XXXXXXXXX', running on wpa076016.wireless.mcgill.ca
START Player-0 random
START Player-1 XXXXXXXXX
INIT 0 true 2,3,1,6,0,3,1,1,1,2,3,2,1,4,1,1
INIT 1 true 5,6,0,5,2,4,3,7,0,0,0,0,0,0,0,0
PIT 0 5
PIT 1 0
PIT 0 15
PIT 1 1
PIT 0 2
PIT 1 2
PIT 0 13
PIT 1 4
PIT 0 9
PIT 1 0
PIT 0 6
PIT 1 0
GAMEOVER WINNER 1
# Game ended: Mon Mar 30 06:31:26 EDT 2015
