# Server version 0.08 running on hannans-air:8123
# Game ID: 373
# Board class: omweso.CCBoard
# Timeout: 2000
# First Move Timeout: 60000
# Date: Mon Mar 30 20:28:49 EDT 2015
# Player 1: Player-0, 'random', running on hannans-air
# Player 2: Player-1, 'XXXXXXXXX', running on hannans-air
START Player-0 random
START Player-1 XXXXXXXXX
INIT 0 true 3,5,2,2,2,1,5,0,1,1,2,0,2,1,4,1
INIT 1 true 3,5,4,5,4,4,4,3,0,0,0,0,0,0,0,0
PIT 0 1
PIT 1 0
PIT 0 5
PIT 1 4
PIT 0 4
PIT 1 5
PIT 0 2
PIT 1 8
PIT 0 6
PIT 1 6
PIT 0 10
PIT 1 7
PIT 0 8
PIT 1 10
PIT 0 12
PIT 1 7
PIT 0 11
PIT 1 6
PIT 0 13
PIT 1 0
GAMEOVER WINNER 1
# Game ended: Mon Mar 30 20:28:49 EDT 2015
