# Server version 0.08 running on web112119.wireless.mcgill.ca:8123
# Game ID: 252
# Board class: omweso.CCBoard
# Timeout: 2000
# First Move Timeout: 60000
# Date: Mon Mar 30 13:18:25 EDT 2015
# Player 1: Player-0, 'XXXXXXXXX', running on web112119.wireless.mcgill.ca
# Player 2: Player-1, 'random', running on web112119.wireless.mcgill.ca
START Player-0 XXXXXXXXX
START Player-1 random
INIT 0 true 4,2,4,2,2,1,1,1,0,1,1,2,2,3,0,6
INIT 1 true 2,4,8,2,2,6,4,4,0,0,0,0,0,0,0,0
PIT 0 1
PIT 1 6
PIT 0 2
PIT 1 0
PIT 0 8
PIT 1 3
PIT 0 5
PIT 1 1
PIT 0 11
PIT 1 9
PIT 0 4
PIT 1 12
GAMEOVER WINNER 1
# Game ended: Mon Mar 30 13:18:25 EDT 2015
