# Server version 0.08 running on hannans-air:8123
# Game ID: 374
# Board class: omweso.CCBoard
# Timeout: 2000
# First Move Timeout: 60000
# Date: Mon Mar 30 20:29:15 EDT 2015
# Player 1: Player-0, 'random', running on hannans-air
# Player 2: Player-1, 'XXXXXXXXX', running on hannans-air
START Player-0 random
START Player-1 XXXXXXXXX
INIT 0 true 2,3,4,0,1,1,0,2,3,2,3,5,3,1,2,0
INIT 1 true 6,2,4,6,2,4,5,3,0,0,0,0,0,0,0,0
PIT 0 9
PIT 1 0
PIT 0 4
PIT 1 1
PIT 0 12
PIT 1 6
PIT 0 3
PIT 1 13
PIT 0 10
PIT 1 2
GAMEOVER WINNER 1
# Game ended: Mon Mar 30 20:29:15 EDT 2015
