# Server version 0.08 running on hannans-air:8123
# Game ID: 358
# Board class: omweso.CCBoard
# Timeout: 2000
# First Move Timeout: 60000
# Date: Mon Mar 30 19:36:15 EDT 2015
# Player 1: Player-0, 'random', running on hannans-air
# Player 2: Player-1, 'XXXXXXXXX', running on hannans-air
START Player-0 random
START Player-1 XXXXXXXXX
INIT 0 true 3,1,1,3,1,2,1,3,3,1,3,2,2,2,1,3
INIT 1 true 5,5,3,6,5,3,3,2,0,0,0,0,0,0,0,0
PIT 0 12
PIT 1 6
PIT 0 10
PIT 1 5
PIT 0 3
PIT 1 3
PIT 0 9
PIT 1 9
PIT 0 12
PIT 1 3
PIT 0 11
PIT 1 6
PIT 0 13
PIT 1 1
GAMEOVER WINNER 1
# Game ended: Mon Mar 30 19:36:15 EDT 2015
