# Server version 0.08 running on wpa076016.wireless.mcgill.ca:8123
# Game ID: 184
# Board class: omweso.CCBoard
# Timeout: 2000
# First Move Timeout: 60000
# Date: Mon Mar 30 06:31:09 EDT 2015
# Player 1: Player-0, 'XXXXXXXXX', running on wpa076016.wireless.mcgill.ca
# Player 2: Player-1, 'random', running on wpa076016.wireless.mcgill.ca
START Player-0 XXXXXXXXX
START Player-1 random
INIT 0 true 1,2,1,2,0,0,3,2,3,3,3,3,2,3,2,2
INIT 1 true 3,2,6,2,5,4,3,7,0,0,0,0,0,0,0,0
PIT 0 1
PIT 1 2
PIT 0 0
PIT 1 6
PIT 0 1
PIT 1 3
PIT 0 4
PIT 1 7
PIT 0 12
PIT 1 2
PIT 0 14
PIT 1 6
PIT 0 15
PIT 1 1
GAMEOVER WINNER 1
# Game ended: Mon Mar 30 06:31:09 EDT 2015
