# Server version 0.08 running on hannans-air:8123
# Game ID: 380
# Board class: omweso.CCBoard
# Timeout: 2000
# First Move Timeout: 60000
# Date: Mon Mar 30 20:45:40 EDT 2015
# Player 1: Player-0, 'XXXXXXXXX', running on hannans-air
# Player 2: Player-1, 'random', running on hannans-air
START Player-0 XXXXXXXXX
START Player-1 random
INIT 0 true 1,1,0,4,2,1,1,2,6,2,2,2,3,1,3,1
INIT 1 true 1,3,8,4,3,6,1,6,0,0,0,0,0,0,0,0
PIT 0 4
PIT 1 2
PIT 0 0
PIT 1 1
PIT 0 14
PIT 1 8
PIT 0 11
PIT 1 3
PIT 0 12
PIT 1 6
PIT 0 9
GAMEOVER WINNER 0
# Game ended: Mon Mar 30 20:45:43 EDT 2015
