# Server version 0.08 running on web112119.wireless.mcgill.ca:8123
# Game ID: 271
# Board class: omweso.CCBoard
# Timeout: 2000
# First Move Timeout: 60000
# Date: Mon Mar 30 13:29:11 EDT 2015
# Player 1: Player-0, 'XXXXXXXXX', running on web112119.wireless.mcgill.ca
# Player 2: Player-1, 'random', running on web112119.wireless.mcgill.ca
START Player-0 XXXXXXXXX
START Player-1 random
INIT 0 true 1,2,4,0,4,0,1,5,1,4,3,1,2,0,2,2
INIT 1 true 7,3,4,3,5,2,3,5,0,0,0,0,0,0,0,0
PIT 0 2
PIT 1 3
PIT 0 3
PIT 1 7
PIT 0 7
PIT 1 4
PIT 0 1
PIT 1 13
PIT 0 13
PIT 1 6
PIT 0 7
PIT 1 15
GAMEOVER WINNER 1
# Game ended: Mon Mar 30 13:29:11 EDT 2015
