# Server version 0.08 running on wpa076016.wireless.mcgill.ca:8123
# Game ID: 43
# Board class: omweso.CCBoard
# Timeout: 2000
# First Move Timeout: 60000
# Date: Mon Mar 30 01:22:44 EDT 2015
# Player 1: Player-0, 'random', running on wpa076016.wireless.mcgill.ca
# Player 2: Player-1, 'XXXXXXXXX', running on wpa076016.wireless.mcgill.ca
START Player-0 random
START Player-1 XXXXXXXXX
INIT 0 true 2,3,2,1,2,1,3,1,0,2,5,3,3,1,2,1
INIT 1 true 0,0,0,0,0,0,0,0,4,4,4,4,4,4,4,4
PIT 0 6
PIT 1 13
PIT 0 4
PIT 1 12
PIT 0 14
PIT 1 15
PIT 0 7
PIT 1 11
PIT 0 0
PIT 1 9
PIT 0 3
PIT 1 10
PIT 0 12
PIT 1 11
PIT 0 15
PIT 1 3
PIT 0 9
PIT 1 8
PIT 0 0
PIT 1 4
GAMEOVER WINNER 1
# Game ended: Mon Mar 30 01:23:02 EDT 2015
