# Server version 0.08 running on wpa076016.wireless.mcgill.ca:8123
# Game ID: 46
# Board class: omweso.CCBoard
# Timeout: 2000
# First Move Timeout: 60000
# Date: Mon Mar 30 02:47:57 EDT 2015
# Player 1: Player-0, 'XXXXXXXXX', running on wpa076016.wireless.mcgill.ca
# Player 2: Player-1, 'random', running on wpa076016.wireless.mcgill.ca
START Player-0 XXXXXXXXX
START Player-1 random
INIT 0 true 4,4,4,4,4,4,4,4,0,0,0,0,0,0,0,0
INIT 1 true 2,6,3,4,4,7,0,6,0,0,0,0,0,0,0,0
PIT 0 2
PIT 1 0
PIT 0 3
PIT 1 5
PIT 0 7
PIT 1 1
PIT 0 0
PIT 1 12
PIT 0 1
PIT 1 7
