# Server version 0.08 running on hannans-air:8123
# Game ID: 372
# Board class: omweso.CCBoard
# Timeout: 2000
# First Move Timeout: 60000
# Date: Mon Mar 30 20:28:43 EDT 2015
# Player 1: Player-0, 'XXXXXXXXX', running on hannans-air
# Player 2: Player-1, 'random', running on hannans-air
START Player-0 XXXXXXXXX
START Player-1 random
INIT 0 true 2,4,4,3,0,4,1,2,2,1,0,2,0,2,2,3
INIT 1 true 6,1,4,4,5,2,5,5,0,0,0,0,0,0,0,0
PIT 0 0
PIT 1 3
PIT 0 5
PIT 1 4
PIT 0 8
PIT 1 8
PIT 0 0
PIT 1 0
PIT 0 3
PIT 1 1
PIT 0 0
PIT 1 2
PIT 0 0
PIT 1 3
PIT 0 3
PIT 1 4
PIT 0 4
PIT 1 5
PIT 0 5
GAMEOVER WINNER 0
# Game ended: Mon Mar 30 20:28:43 EDT 2015
