# Server version 0.08 running on wpa076016.wireless.mcgill.ca:8123
# Game ID: 137
# Board class: omweso.CCBoard
# Timeout: 2000
# First Move Timeout: 60000
# Date: Mon Mar 30 05:44:20 EDT 2015
# Player 1: Player-0, 'XXXXXXXXX', running on wpa076016.wireless.mcgill.ca
# Player 2: Player-1, 'random', running on wpa076016.wireless.mcgill.ca
START Player-0 XXXXXXXXX
START Player-1 random
INIT 0 true 4,2,1,3,1,3,0,3,1,0,0,1,6,1,3,3
INIT 1 true 3,6,5,2,6,5,2,3,0,0,0,0,0,0,0,0
PIT 0 1
PIT 1 1
PIT 0 0
PIT 1 0
PIT 0 0
PIT 1 5
PIT 0 1
PIT 1 2
PIT 0 3
PIT 1 10
PIT 0 0
GAMEOVER WINNER 0
# Game ended: Mon Mar 30 05:44:20 EDT 2015
