# Server version 0.08 running on hannans-air:8123
# Game ID: 337
# Board class: omweso.CCBoard
# Timeout: 2000
# First Move Timeout: 60000
# Date: Mon Mar 30 19:19:53 EDT 2015
# Player 1: Player-0, 'random', running on hannans-air
# Player 2: Player-1, 'XXXXXXXXX', running on hannans-air
START Player-0 random
START Player-1 XXXXXXXXX
INIT 0 true 1,1,0,4,2,2,3,3,1,1,1,2,3,4,1,3
INIT 1 true 6,6,1,4,5,3,5,2,0,0,0,0,0,0,0,0
PIT 0 12
PIT 1 0
PIT 0 1
PIT 1 3
PIT 0 4
PIT 1 12
PIT 0 11
PIT 1 2
PIT 0 7
PIT 1 0
PIT 0 10
PIT 1 7
PIT 0 11
PIT 1 1
PIT 0 14
PIT 1 3
GAMEOVER WINNER 1
# Game ended: Mon Mar 30 19:19:53 EDT 2015
