# Server version 0.08 running on hannans-air:8123
# Game ID: 360
# Board class: omweso.CCBoard
# Timeout: 2000
# First Move Timeout: 60000
# Date: Mon Mar 30 19:36:25 EDT 2015
# Player 1: Player-0, 'XXXXXXXXX', running on hannans-air
# Player 2: Player-1, 'random', running on hannans-air
START Player-0 XXXXXXXXX
START Player-1 random
INIT 0 true 2,2,2,1,2,2,4,2,1,1,1,4,2,4,0,2
INIT 1 true 2,3,4,2,8,4,5,4,0,0,0,0,0,0,0,0
PIT 0 0
PIT 1 2
PIT 0 4
PIT 1 0
PIT 0 10
PIT 1 1
PIT 0 2
PIT 1 2
PIT 0 2
PIT 1 5
PIT 0 0
PIT 1 6
PIT 0 1
PIT 1 3
PIT 0 2
GAMEOVER WINNER 0
# Game ended: Mon Mar 30 19:36:25 EDT 2015
