# Server version 0.08 running on wpa076016.wireless.mcgill.ca:8123
# Game ID: 146
# Board class: omweso.CCBoard
# Timeout: 2000
# First Move Timeout: 60000
# Date: Mon Mar 30 05:45:08 EDT 2015
# Player 1: Player-0, 'XXXXXXXXX', running on wpa076016.wireless.mcgill.ca
# Player 2: Player-1, 'random', running on wpa076016.wireless.mcgill.ca
START Player-0 XXXXXXXXX
START Player-1 random
INIT 0 true 1,1,2,1,2,2,1,2,2,1,1,5,3,2,3,3
INIT 1 true 2,4,5,4,2,6,3,6,0,0,0,0,0,0,0,0
PIT 0 2
PIT 1 4
PIT 0 1
PIT 1 1
PIT 0 2
PIT 1 2
PIT 0 5
PIT 1 4
PIT 0 7
PIT 1 7
PIT 0 8
PIT 1 15
PIT 0 9
PIT 1 2
PIT 0 1
PIT 1 4
PIT 0 5
PIT 1 12
PIT 0 10
PIT 1 14
PIT 0 0
PIT 1 2
PIT 0 0
GAMEOVER WINNER 0
# Game ended: Mon Mar 30 05:45:08 EDT 2015
