# Server version 0.08 running on hannans-air:8123
# Game ID: 329
# Board class: omweso.CCBoard
# Timeout: 2000
# First Move Timeout: 60000
# Date: Mon Mar 30 19:14:27 EDT 2015
# Player 1: Player-0, 'random', running on hannans-air
# Player 2: Player-1, 'XXXXXXXXX', running on hannans-air
START Player-0 random
START Player-1 XXXXXXXXX
INIT 0 true 1,1,3,4,5,2,0,4,1,0,0,5,1,2,0,3
INIT 1 true 5,2,4,4,4,5,6,2,0,0,0,0,0,0,0,0
PIT 0 11
PIT 1 0
PIT 0 4
PIT 1 4
PIT 0 7
PIT 1 3
PIT 0 3
PIT 1 12
PIT 0 10
PIT 1 1
PIT 0 6
PIT 1 2
PIT 0 7
PIT 1 0
PIT 0 8
PIT 1 0
PIT 0 12
PIT 1 1
PIT 0 14
PIT 1 5
PIT 0 1
PIT 1 0
PIT 0 13
PIT 1 0
GAMEOVER WINNER 1
# Game ended: Mon Mar 30 19:14:27 EDT 2015
