# Server version 0.08 running on hannans-air:8123
# Game ID: 362
# Board class: omweso.CCBoard
# Timeout: 2000
# First Move Timeout: 60000
# Date: Mon Mar 30 19:36:39 EDT 2015
# Player 1: Player-0, 'random', running on hannans-air
# Player 2: Player-1, 'XXXXXXXXX', running on hannans-air
START Player-0 random
START Player-1 XXXXXXXXX
INIT 0 true 1,2,0,2,2,1,2,2,4,2,2,2,7,1,0,2
INIT 1 true 8,6,3,2,1,1,6,5,0,0,0,0,0,0,0,0
PIT 0 8
PIT 1 1
PIT 0 11
PIT 1 6
PIT 0 7
PIT 1 11
PIT 0 13
PIT 1 14
PIT 0 8
PIT 1 7
GAMEOVER WINNER 1
# Game ended: Mon Mar 30 19:36:39 EDT 2015
