# Server version 0.08 running on hannans-air:8123
# Game ID: 315
# Board class: omweso.CCBoard
# Timeout: 2000
# First Move Timeout: 60000
# Date: Mon Mar 30 19:09:38 EDT 2015
# Player 1: Player-0, 'random', running on hannans-air
# Player 2: Player-1, 'XXXXXXXXX', running on hannans-air
START Player-0 random
START Player-1 XXXXXXXXX
INIT 0 true 1,3,1,1,1,3,1,0,2,2,1,5,4,2,3,2
INIT 1 true 4,2,5,4,2,7,6,2,0,0,0,0,0,0,0,0
PIT 0 15
PIT 1 4
PIT 0 2
PIT 1 2
PIT 0 13
PIT 1 5
PIT 0 8
PIT 1 0
PIT 0 3
PIT 1 1
PIT 0 15
PIT 1 2
GAMEOVER WINNER 1
# Game ended: Mon Mar 30 19:09:38 EDT 2015
