# Server version 0.08 running on wpa076016.wireless.mcgill.ca:8123
# Game ID: 45
# Board class: omweso.CCBoard
# Timeout: 2000
# First Move Timeout: 60000
# Date: Mon Mar 30 02:41:44 EDT 2015
# Player 1: Player-0, 'XXXXXXXXX', running on wpa076016.wireless.mcgill.ca
# Player 2: Player-1, 'random', running on wpa076016.wireless.mcgill.ca
START Player-0 XXXXXXXXX
START Player-1 random
INIT 0 true 4,4,4,4,4,4,4,4,0,0,0,0,0,0,0,0
INIT 1 true 7,4,3,3,7,4,3,1,0,0,0,0,0,0,0,0
PIT 0 0
PIT 1 2
PIT 0 2
PIT 1 4
PIT 0 3
PIT 1 3
PIT 0 4
PIT 1 5
PIT 0 11
PIT 1 1
PIT 0 1
PIT 1 10
PIT 0 2
PIT 1 11
PIT 0 14
PIT 1 8
