# Server version 0.08 running on wpa076016.wireless.mcgill.ca:8123
# Game ID: 124
# Board class: omweso.CCBoard
# Timeout: 2000
# First Move Timeout: 60000
# Date: Mon Mar 30 05:41:59 EDT 2015
# Player 1: Player-0, 'XXXXXXXXX', running on wpa076016.wireless.mcgill.ca
# Player 2: Player-1, 'random', running on wpa076016.wireless.mcgill.ca
START Player-0 XXXXXXXXX
START Player-1 random
INIT 0 true 3,1,3,3,1,0,1,2,2,2,3,1,0,4,4,2
INIT 1 true 7,5,2,4,3,5,3,3,0,0,0,0,0,0,0,0
PIT 0 0
PIT 1 5
PIT 0 1
PIT 1 6
PIT 0 5
PIT 1 10
PIT 0 11
PIT 1 1
GAMEOVER WINNER 1
# Game ended: Mon Mar 30 05:41:59 EDT 2015
