# Server version 0.08 running on wpa076016.wireless.mcgill.ca:8123
# Game ID: 26
# Board class: omweso.CCBoard
# Timeout: 2000
# First Move Timeout: 60000
# Date: Sun Mar 29 19:32:28 EDT 2015
# Player 1: Player-0, 'random', running on wpa076016.wireless.mcgill.ca
# Player 2: Player-1, 'XXXXXXXXX', running on wpa076016.wireless.mcgill.ca
START Player-0 random
START Player-1 XXXXXXXXX
INIT 0 true 1,2,1,3,3,1,2,6,1,0,1,4,0,2,4,1
INIT 1 true 0,0,0,0,0,0,0,0,4,4,4,4,4,4,4,4
PIT 0 1
PIT 1 13
PIT 0 11
PIT 1 10
PIT 0 2
PIT 1 13
PIT 0 15
PIT 1 14
PIT 0 12
PIT 1 11
PIT 0 4
PIT 1 8
PIT 0 9
PIT 1 15
PIT 0 12
PIT 1 11
PIT 0 8
PIT 1 9
PIT 0 1
PIT 1 0
PIT 0 14
GAMEOVER WINNER 0
# Game ended: Sun Mar 29 19:32:29 EDT 2015
