# Server version 0.08 running on hannans-air:8123
# Game ID: 352
# Board class: omweso.CCBoard
# Timeout: 2000
# First Move Timeout: 60000
# Date: Mon Mar 30 19:29:01 EDT 2015
# Player 1: Player-0, 'XXXXXXXXX', running on hannans-air
# Player 2: Player-1, 'random', running on hannans-air
START Player-0 XXXXXXXXX
START Player-1 random
INIT 0 true 3,1,6,1,2,1,3,1,2,1,2,0,1,5,0,3
INIT 1 true 3,6,2,6,2,5,6,2,0,0,0,0,0,0,0,0
PIT 0 0
PIT 1 6
PIT 0 2
PIT 1 5
PIT 0 8
PIT 1 3
PIT 0 0
PIT 1 12
PIT 0 1
GAMEOVER WINNER 0
# Game ended: Mon Mar 30 19:29:01 EDT 2015
