# Server version 0.08 running on wpa076016.wireless.mcgill.ca:8123
# Game ID: 40
# Board class: omweso.CCBoard
# Timeout: 2000
# First Move Timeout: 60000
# Date: Sun Mar 29 22:15:20 EDT 2015
# Player 1: Player-0, 'random', running on wpa076016.wireless.mcgill.ca
# Player 2: Player-1, 'random', running on wpa076016.wireless.mcgill.ca
START Player-0 random
START Player-1 random
INIT 0 true 1,2,4,2,0,1,2,2,2,6,3,1,2,0,1,3
INIT 1 true 6,3,4,3,2,5,5,4,0,0,0,0,0,0,0,0
PIT 0 9
PIT 1 1
PIT 0 8
PIT 1 6
PIT 0 13
PIT 1 2
PIT 0 11
PIT 1 8
PIT 0 5
PIT 1 11
PIT 0 10
PIT 1 9
PIT 0 8
PIT 1 13
PIT 0 5
PIT 1 14
PIT 0 14
GAMEOVER WINNER 0
# Game ended: Sun Mar 29 22:15:21 EDT 2015
