# Server version 0.08 running on wpa076016.wireless.mcgill.ca:8123
# Game ID: 155
# Board class: omweso.CCBoard
# Timeout: 2000
# First Move Timeout: 60000
# Date: Mon Mar 30 06:25:54 EDT 2015
# Player 1: Player-0, 'XXXXXXXXX', running on wpa076016.wireless.mcgill.ca
# Player 2: Player-1, 'random', running on wpa076016.wireless.mcgill.ca
START Player-0 XXXXXXXXX
START Player-1 random
INIT 0 true 0,0,1,1,2,1,6,5,2,1,2,2,3,3,2,1
INIT 1 true 2,2,3,5,3,6,5,6,0,0,0,0,0,0,0,0
PIT 0 4
PIT 1 2
PIT 0 5
PIT 1 4
PIT 0 1
PIT 1 0
PIT 0 2
PIT 1 6
PIT 0 3
PIT 1 12
PIT 0 6
PIT 1 1
PIT 0 9
PIT 1 15
PIT 0 12
PIT 1 15
PIT 0 0
PIT 1 8
PIT 0 15
PIT 1 13
PIT 0 2
PIT 1 9
GAMEOVER WINNER 1
# Game ended: Mon Mar 30 06:25:54 EDT 2015
