# Server version 0.08 running on web112119.wireless.mcgill.ca:8123
# Game ID: 241
# Board class: omweso.CCBoard
# Timeout: 2000
# First Move Timeout: 60000
# Date: Mon Mar 30 12:59:57 EDT 2015
# Player 1: Player-0, 'XXXXXXXXX', running on web112119.wireless.mcgill.ca
# Player 2: Player-1, 'random', running on web112119.wireless.mcgill.ca
START Player-0 XXXXXXXXX
START Player-1 random
INIT 0 true 2,3,3,2,3,3,4,0,1,2,1,2,0,5,0,1
INIT 1 true 3,1,3,5,6,4,4,6,0,0,0,0,0,0,0,0
PIT 0 0
PIT 1 4
PIT 0 1
PIT 1 0
PIT 0 3
PIT 1 1
PIT 0 4
PIT 1 6
PIT 0 0
PIT 1 2
PIT 0 1
PIT 1 12
PIT 0 4
PIT 1 5
PIT 0 8
PIT 1 14
PIT 0 0
PIT 1 10
PIT 0 0
PIT 1 13
PIT 0 2
PIT 1 14
PIT 0 0
GAMEOVER WINNER 0
# Game ended: Mon Mar 30 12:59:57 EDT 2015
