# Server version 0.08 running on hannans-air:8123
# Game ID: 361
# Board class: omweso.CCBoard
# Timeout: 2000
# First Move Timeout: 60000
# Date: Mon Mar 30 19:36:32 EDT 2015
# Player 1: Player-0, 'random', running on hannans-air
# Player 2: Player-1, 'XXXXXXXXX', running on hannans-air
START Player-0 random
START Player-1 XXXXXXXXX
INIT 0 true 4,2,2,4,1,1,2,1,2,1,4,2,3,0,1,2
INIT 1 true 6,4,9,3,3,3,2,2,0,0,0,0,0,0,0,0
PIT 0 2
PIT 1 4
PIT 0 13
PIT 1 5
PIT 0 5
PIT 1 6
PIT 0 2
PIT 1 2
PIT 0 0
PIT 1 1
GAMEOVER WINNER 1
# Game ended: Mon Mar 30 19:36:32 EDT 2015
